Verifying...                          ########################################
Preparing...                          ########################################
	package iw-5.9-4.el9.x86_64 is already installed
Verifying...                          ########################################
Preparing...                          ########################################
	package wireless-regdb-2020.11.20-6.el9.noarch is already installed
Verifying...                          ########################################
Preparing...                          ########################################
	package wpa_supplicant-1:2.10-4.el9.x86_64 is already installed
Verifying...                          ########################################
Preparing...                          ########################################
	package NetworkManager-wifi-1:1.42.2-3.el9_2.x86_64 is already installed
Updating Subscription Management repositories.
github_git-lfs                                  880  B/s | 1.8 kB     00:02    
github_git-lfs-source                           934  B/s | 1.8 kB     00:02    
Dependencies resolved.
================================================================================
 Package            Arch   Version          Repository                     Size
================================================================================
Reinstalling:
 NetworkManager-wifi
                    x86_64 1:1.42.2-3.el9_2 rhel-9-for-x86_64-baseos-rpms  80 k
 iw                 x86_64 5.9-4.el9        rhel-9-for-x86_64-baseos-rpms 115 k
 wireless-regdb     noarch 2020.11.20-6.el9 rhel-9-for-x86_64-baseos-rpms  19 k
 wpa_supplicant     x86_64 1:2.10-4.el9     rhel-9-for-x86_64-baseos-rpms 1.6 M

Transaction Summary
================================================================================

Total download size: 1.8 M
Installed size: 6.3 M
Downloading Packages:
(1/4): iw-5.9-4.el9.x86_64.rpm                   72 kB/s | 115 kB     00:01    
(2/4): wireless-regdb-2020.11.20-6.el9.noarch.r  11 kB/s |  19 kB     00:01    
(3/4): NetworkManager-wifi-1.42.2-3.el9_2.x86_6 161 kB/s |  80 kB     00:00    
(4/4): wpa_supplicant-2.10-4.el9.x86_64.rpm     350 kB/s | 1.6 MB     00:04    
--------------------------------------------------------------------------------
Total                                           397 kB/s | 1.8 MB     00:04     
Running transaction check
Transaction check succeeded.
Running transaction test
Transaction test succeeded.
Running transaction
  Preparing        :                                                        1/1 
  Reinstalling     : wpa_supplicant-1:2.10-4.el9.x86_64                     1/8 
  Running scriptlet: wpa_supplicant-1:2.10-4.el9.x86_64                     1/8 
  Reinstalling     : iw-5.9-4.el9.x86_64                                    2/8 
  Reinstalling     : wireless-regdb-2020.11.20-6.el9.noarch                 3/8 
  Reinstalling     : NetworkManager-wifi-1:1.42.2-3.el9_2.x86_64            4/8 
  Cleanup          : NetworkManager-wifi-1:1.42.2-3.el9_2.x86_64            5/8 
  Cleanup          : wireless-regdb-2020.11.20-6.el9.noarch                 6/8 
  Cleanup          : iw-5.9-4.el9.x86_64                                    7/8 
  Running scriptlet: wpa_supplicant-1:2.10-4.el9.x86_64                     8/8 
  Cleanup          : wpa_supplicant-1:2.10-4.el9.x86_64                     8/8 
  Running scriptlet: wpa_supplicant-1:2.10-4.el9.x86_64                     8/8 
  Verifying        : wireless-regdb-2020.11.20-6.el9.noarch                 1/8 
  Verifying        : wireless-regdb-2020.11.20-6.el9.noarch                 2/8 
  Verifying        : iw-5.9-4.el9.x86_64                                    3/8 
  Verifying        : iw-5.9-4.el9.x86_64                                    4/8 
  Verifying        : wpa_supplicant-1:2.10-4.el9.x86_64                     5/8 
  Verifying        : wpa_supplicant-1:2.10-4.el9.x86_64                     6/8 
  Verifying        : NetworkManager-wifi-1:1.42.2-3.el9_2.x86_64            7/8 
  Verifying        : NetworkManager-wifi-1:1.42.2-3.el9_2.x86_64            8/8 
Installed products updated.

Reinstalled:
  NetworkManager-wifi-1:1.42.2-3.el9_2.x86_64                                   
  iw-5.9-4.el9.x86_64                                                           
  wireless-regdb-2020.11.20-6.el9.noarch                                        
  wpa_supplicant-1:2.10-4.el9.x86_64                                            

Complete!
Updating Subscription Management repositories.
Last metadata expiration check: 0:00:10 ago on Sat 08 Jul 2023 10:39:26 PM +07.
Dependencies resolved.
Nothing to do.
Complete!
